<?xml version="1.0" encoding="utf-8"?><testsuites name="pytest tests"><testsuite name="pytest" errors="0" failures="0" skipped="0" tests="12" time="2.274" timestamp="2026-05-27T14:46:23.659846+00:00" hostname="agent-env-0b1a33cd-cc56-47a8-952b-57118cd8481a"><testcase classname="backend.tests.test_psicare_backend.TestAuth" name="test_login_with_demo" time="0.302" /><testcase classname="backend.tests.test_psicare_backend.TestAuth" name="test_login_with_unknown_email_falls_back" time="0.054" /><testcase classname="backend.tests.test_psicare_backend.TestAuth" name="test_auth_me" time="0.114" /><testcase classname="backend.tests.test_psicare_backend.TestPatients" name="test_list_patients_seed_count" time="0.051" /><testcase classname="backend.tests.test_psicare_backend.TestPatients" name="test_create_update_delete_patient" time="0.376" /><testcase classname="backend.tests.test_psicare_backend.TestTasks" name="test_task_crud_and_reorder" time="0.469" /><testcase classname="backend.tests.test_psicare_backend.TestSessions" name="test_list_sessions" time="0.052" /><testcase classname="backend.tests.test_psicare_backend.TestSessions" name="test_list_sessions_with_date_filter" time="0.070" /><testcase classname="backend.tests.test_psicare_backend.TestSessions" name="test_session_crud_with_tareas_vistas_marks_tasks" time="0.433" /><testcase classname="backend.tests.test_psicare_backend.TestDashboardStats" name="test_dashboard_stats" time="0.055" /><testcase classname="backend.tests.test_psicare_backend.TestDashboardStats" name="test_monthly_stats" time="0.105" /><testcase classname="backend.tests.test_psicare_backend" name="test_root" time="0.049" /></testsuite></testsuites>